<?xml version="1.0" encoding="UTF-8"?>
<!-- Generated by org.testng.reporters.JUnitReportReporter -->
<testsuite hostname="ANKUMBAR-68LEG" failures="0" tests="2" name="loginTest" time="5.995" errors="0" timestamp="2021-02-09T19:57:34 IST" skipped="0">
  <testcase classname="loginTest" name="loginTest4" time="0.012"/>
  <system-out/>
  <testcase classname="loginTest" name="loginTest3" time="5.983"/>
  <system-out/>
</testsuite> <!-- loginTest -->
